{
  "RSpec": {
    "coverage": {
      "/Users/rossedfort/code/mod_4/projects/idea_box_two/app/controllers/api/v1/ideas_controller.rb": [
        1,
        1,
        null,
        1,
        3,
        null,
        null,
        1,
        1,
        null,
        1,
        1,
        null,
        null,
        null,
        null,
        null,
        1,
        1,
        null,
        null,
        1,
        1,
        null,
        null,
        1,
        null,
        1,
        2,
        null,
        null
      ],
      "/Users/rossedfort/code/mod_4/projects/idea_box_two/app/controllers/application_controller.rb": [
        1,
        null,
        null,
        1,
        null
      ],
      "/Users/rossedfort/code/mod_4/projects/idea_box_two/app/controllers/root_controller.rb": [
        1,
        1,
        null,
        null
      ],
      "/Users/rossedfort/code/mod_4/projects/idea_box_two/app/models/idea.rb": [
        1,
        1,
        null,
        1,
        null
      ],
      "/Users/rossedfort/code/mod_4/projects/idea_box_two/app/helpers/api/v1/ideas_helper.rb": [
        0,
        0
      ],
      "/Users/rossedfort/code/mod_4/projects/idea_box_two/app/helpers/application_helper.rb": [
        0,
        0
      ]
    },
    "timestamp": 1454437390
  }
}
